2017-10-08 06:23:56 - Starting DemoApplication on Hendis-MacBook-Pro.local with PID 19143 (/Users/hendisantika/Documents/IdeaProjects/SpringBootPrimeFacesIntegration/target/classes started by hendisantika in /Users/hendisantika/Documents/IdeaProjects/SpringBootPrimeFacesIntegration)
2017-10-08 06:23:56 - Running with Spring Boot v1.5.7.RELEASE, Spring v4.3.11.RELEASE
2017-10-08 06:23:56 - The following profiles are active: dev
2017-10-08 06:24:33 - Starting DemoApplication on Hendis-MacBook-Pro.local with PID 19212 (/Users/hendisantika/Documents/IdeaProjects/SpringBootPrimeFacesIntegration/target/classes started by hendisantika in /Users/hendisantika/Documents/IdeaProjects/SpringBootPrimeFacesIntegration)
2017-10-08 06:24:33 - Running with Spring Boot v1.5.7.RELEASE, Spring v4.3.11.RELEASE
2017-10-08 06:24:33 - The following profiles are active: dev
2017-10-08 06:24:44 - Started DemoApplication in 11.677 seconds (JVM running for 15.607)
2017-10-08 06:24:44 - Application has been launched
2017-10-08 06:26:54 - Starting DemoApplication on Hendis-MacBook-Pro.local with PID 19273 (/Users/hendisantika/Documents/IdeaProjects/SpringBootPrimeFacesIntegration/target/classes started by hendisantika in /Users/hendisantika/Documents/IdeaProjects/SpringBootPrimeFacesIntegration)
2017-10-08 06:26:54 - Running with Spring Boot v1.5.7.RELEASE, Spring v4.3.11.RELEASE
2017-10-08 06:26:54 - The following profiles are active: dev
2017-10-08 06:27:06 - Started DemoApplication in 11.643 seconds (JVM running for 15.448)
2017-10-08 06:27:06 - Application has been launched
2017-10-08 06:34:01 - User not found: root
2017-10-08 06:34:01 - User not found: root
2017-10-08 06:34:52 - User not found: email
2017-10-08 06:34:52 - User not found: email
2017-10-08 06:37:13 - User not found: email
2017-10-08 06:37:13 - User not found: email
2017-10-08 07:06:02 - Starting DemoApplication on Hendis-MacBook-Pro.local with PID 20231 (/Users/hendisantika/Documents/IdeaProjects/SpringBootPrimeFacesIntegration/target/classes started by hendisantika in /Users/hendisantika/Documents/IdeaProjects/SpringBootPrimeFacesIntegration)
2017-10-08 07:06:02 - Running with Spring Boot v1.5.7.RELEASE, Spring v4.3.11.RELEASE
2017-10-08 07:06:02 - The following profiles are active: dev
2017-10-08 07:06:13 - Started DemoApplication in 11.492 seconds (JVM running for 15.833)
2017-10-08 07:06:13 - Application has been launched
2017-10-08 07:08:45 - User not found: hendisantika@yahoo.co.id
2017-10-08 07:08:45 - User not found: hendisantika@yahoo.co.id
